Using pre-set license
Built from '2022.3/staging' branch; Version is '2022.3.44f1 (c3ae09b9f03c) revision 12824073'; Using compiler version '192829333'; Build Type 'Release'
OS: 'Windows 10  (10.0.19045) 64bit Professional' Language: 'en' Physical Memory: 32658 MB
BatchMode: 1, IsHumanControllingUs: 0, StartBugReporterOnCrash: 0, Is64bit: 1, IsPro: 1

COMMAND LINE ARGUMENTS:
C:\Program Files\Unity\Hub\Editor\2022.3.44f1\Editor\Unity.exe
-adb2
-batchMode
-noUpm
-name
AssetImportWorker6
-projectPath
C:/Users/lukea/Projects/Spuddios 2
-logFile
Logs/AssetImportWorker6.log
-srvPort
58457
Successfully changed project path to: C:/Users/lukea/Projects/Spuddios 2
C:/Users/lukea/Projects/Spuddios 2
[UnityMemory] Configuration Parameters - Can be set up in boot.config
    "memorysetup-bucket-allocator-granularity=16"
    "memorysetup-bucket-allocator-bucket-count=8"
    "memorysetup-bucket-allocator-block-size=33554432"
    "memorysetup-bucket-allocator-block-count=8"
    "memorysetup-main-allocator-block-size=16777216"
    "memorysetup-thread-allocator-block-size=16777216"
    "memorysetup-gfx-main-allocator-block-size=16777216"
    "memorysetup-gfx-thread-allocator-block-size=16777216"
    "memorysetup-cache-allocator-block-size=4194304"
    "memorysetup-typetree-allocator-block-size=2097152"
    "memorysetup-profiler-bucket-allocator-granularity=16"
    "memorysetup-profiler-bucket-allocator-bucket-count=8"
    "memorysetup-profiler-bucket-allocator-block-size=33554432"
    "memorysetup-profiler-bucket-allocator-block-count=8"
    "memorysetup-profiler-allocator-block-size=16777216"
    "memorysetup-profiler-editor-allocator-block-size=1048576"
    "memorysetup-temp-allocator-size-main=16777216"
    "memorysetup-job-temp-allocator-block-size=2097152"
    "memorysetup-job-temp-allocator-block-size-background=1048576"
    "memorysetup-job-temp-allocator-reduction-small-platforms=262144"
    "memorysetup-allocator-temp-initial-block-size-main=262144"
    "memorysetup-allocator-temp-initial-block-size-worker=262144"
    "memorysetup-temp-allocator-size-background-worker=32768"
    "memorysetup-temp-allocator-size-job-worker=262144"
    "memorysetup-temp-allocator-size-preload-manager=33554432"
    "memorysetup-temp-allocator-size-nav-mesh-worker=65536"
    "memorysetup-temp-allocator-size-audio-worker=65536"
    "memorysetup-temp-allocator-size-cloud-worker=32768"
    "memorysetup-temp-allocator-size-gi-baking-worker=262144"
    "memorysetup-temp-allocator-size-gfx=262144"
Player connection [59120]  Target information:

Player connection [59120]  * "[IP] 192.168.1.66 [Port] 0 [Flags] 2 [Guid] 3989566733 [EditorId] 3989566733 [Version] 1048832 [Id] WindowsEditor(7,DESKTOP-TS9QH21) [Debug] 1 [PackageName] WindowsEditor [ProjectName] Editor" 

Player connection [59120] Host joined multi-casting on [225.0.0.222:54997]...
Player connection [59120] Host joined alternative multi-casting on [225.0.0.222:34997]...
[PhysX] Initialized MultithreadedTaskDispatcher with 20 workers.
Refreshing native plugins compatible for Editor in 14.51 ms, found 4 plugins.
Preloading 0 native plugins for Editor in 0.00 ms.
Initialize engine version: 2022.3.44f1 (c3ae09b9f03c)
[Subsystems] Discovering subsystems at path C:/Program Files/Unity/Hub/Editor/2022.3.44f1/Editor/Data/Resources/UnitySubsystems
[Subsystems] Discovering subsystems at path C:/Users/lukea/Projects/Spuddios 2/Assets
GfxDevice: creating device client; threaded=0; jobified=0
Direct3D:
    Version:  Direct3D 11.0 [level 11.1]
    Renderer: NVIDIA GeForce RTX 2080 Ti (ID=0x1e07)
    Vendor:   NVIDIA
    VRAM:     11027 MB
    Driver:   32.0.15.6094
Initialize mono
Mono path[0] = 'C:/Program Files/Unity/Hub/Editor/2022.3.44f1/Editor/Data/Managed'
Mono path[1] = 'C:/Program Files/Unity/Hub/Editor/2022.3.44f1/Editor/Data/MonoBleedingEdge/lib/mono/unityjit-win32'
Mono config path = 'C:/Program Files/Unity/Hub/Editor/2022.3.44f1/Editor/Data/MonoBleedingEdge/etc'
Using monoOptions --debugger-agent=transport=dt_socket,embedding=1,server=y,suspend=n,address=127.0.0.1:56412
Begin MonoManager ReloadAssembly
Registering precompiled unity dll's ...
Register platform support module: C:/Program Files/Unity/Hub/Editor/2022.3.44f1/Editor/Data/PlaybackEngines/WebGLSupport/UnityEditor.WebGL.Extensions.dll
Register platform support module: C:/Program Files/Unity/Hub/Editor/2022.3.44f1/Editor/Data/PlaybackEngines/WindowsStandaloneSupport/UnityEditor.WindowsStandalone.Extensions.dll
Registered in 0.011782 seconds.
- Loaded All Assemblies, in  0.328 seconds
Native extension for WindowsStandalone target not found
Native extension for WebGL target not found
Mono: successfully reloaded assembly
- Finished resetting the current domain, in  0.219 seconds
Domain Reload Profiling: 545ms
	BeginReloadAssembly (94ms)
		ExecutionOrderSort (0ms)
		DisableScriptedObjects (0ms)
		BackupInstance (0ms)
		ReleaseScriptingObjects (0ms)
		CreateAndSetChildDomain (1ms)
	RebuildCommonClasses (28ms)
	RebuildNativeTypeToScriptingClass (9ms)
	initialDomainReloadingComplete (57ms)
	LoadAllAssembliesAndSetupDomain (137ms)
		LoadAssemblies (92ms)
		RebuildTransferFunctionScriptingTraits (0ms)
		AnalyzeDomain (135ms)
			TypeCache.Refresh (134ms)
				TypeCache.ScanAssembly (122ms)
			ScanForSourceGeneratedMonoScriptInfo (0ms)
			ResolveRequiredComponents (0ms)
	FinalizeReload (220ms)
		ReleaseScriptCaches (0ms)
		RebuildScriptCaches (0ms)
		SetupLoadedEditorAssemblies (182ms)
			LogAssemblyErrors (0ms)
			InitializePlatformSupportModulesInManaged (10ms)
			SetLoadedEditorAssemblies (4ms)
			RefreshPlugins (0ms)
			BeforeProcessingInitializeOnLoad (2ms)
			ProcessInitializeOnLoadAttributes (124ms)
			ProcessInitializeOnLoadMethodAttributes (42ms)
			AfterProcessingInitializeOnLoad (0ms)
			EditorAssembliesLoaded (0ms)
		ExecutionOrderSort2 (0ms)
		AwakeInstancesAfterBackupRestoration (0ms)
========================================================================
Worker process is ready to serve import requests
Caller must complete domain reload
Begin MonoManager ReloadAssembly
- Loaded All Assemblies, in  0.650 seconds
Native extension for WindowsStandalone target not found
Native extension for WebGL target not found
Package Manager log level set to [2]
[Package Manager] Server::EnsureServerProcessIsRunning -- launch failed, reason: Unity was launched with the -noUpm command-line argument
[Package Manager] UpmClient::Send -- Unable to send message (not connected to UPM process).
[Package Manager] Cannot connect to Unity Package Manager local server
Mono: successfully reloaded assembly
[Package Manager] Server::EnsureServerProcessIsRunning -- launch failed, reason: Unity was launched with the -noUpm command-line argument
[Package Manager] UpmClient::Send -- Unable to send message (not connected to UPM process).
[Package Manager] Cannot connect to Unity Package Manager local server
[Package Manager] Server::EnsureServerProcessIsRunning -- launch failed, reason: Unity was launched with the -noUpm command-line argument
[Package Manager] UpmClient::Send -- Unable to send message (not connected to UPM process).
[Package Manager] Cannot connect to Unity Package Manager local server
- Finished resetting the current domain, in  0.580 seconds
Domain Reload Profiling: 1224ms
	BeginReloadAssembly (131ms)
		ExecutionOrderSort (0ms)
		DisableScriptedObjects (5ms)
		BackupInstance (0ms)
		ReleaseScriptingObjects (0ms)
		CreateAndSetChildDomain (19ms)
	RebuildCommonClasses (32ms)
	RebuildNativeTypeToScriptingClass (11ms)
	initialDomainReloadingComplete (42ms)
	LoadAllAssembliesAndSetupDomain (427ms)
		LoadAssemblies (332ms)
		RebuildTransferFunctionScriptingTraits (0ms)
		AnalyzeDomain (172ms)
			TypeCache.Refresh (144ms)
				TypeCache.ScanAssembly (130ms)
			ScanForSourceGeneratedMonoScriptInfo (22ms)
			ResolveRequiredComponents (6ms)
	FinalizeReload (580ms)
		ReleaseScriptCaches (0ms)
		RebuildScriptCaches (0ms)
		SetupLoadedEditorAssemblies (445ms)
			LogAssemblyErrors (0ms)
			InitializePlatformSupportModulesInManaged (8ms)
			SetLoadedEditorAssemblies (5ms)
			RefreshPlugins (0ms)
			BeforeProcessingInitializeOnLoad (82ms)
			ProcessInitializeOnLoadAttributes (311ms)
			ProcessInitializeOnLoadMethodAttributes (31ms)
			AfterProcessingInitializeOnLoad (8ms)
			EditorAssembliesLoaded (0ms)
		ExecutionOrderSort2 (0ms)
		AwakeInstancesAfterBackupRestoration (5ms)
Launched and connected shader compiler UnityShaderCompiler.exe after 0.04 seconds
Refreshing native plugins compatible for Editor in 9.50 ms, found 4 plugins.
Preloading 0 native plugins for Editor in 0.00 ms.
Unloading 4452 Unused Serialized files (Serialized files now loaded: 0)
Unloading 45 unused Assets / (130.5 KB). Loaded Objects now: 4920.
Memory consumption went from 150.2 MB to 150.0 MB.
Total: 3.055700 ms (FindLiveObjects: 0.331300 ms CreateObjectMapping: 0.345400 ms MarkObjects: 2.283000 ms  DeleteObjects: 0.095200 ms)

AssetImportParameters requested are different than current active one (requested -> active):
  custom:container-demuxer-ogg: 62fdf1f143b41e24485cea50d1cbac27 -> 
  custom:video-decoder-ogg-theora: a1e56fd34408186e4bbccfd4996cb3dc -> 
  custom:framework-win-MediaFoundation: 216162199b28c13a410421893ffa2e32 -> 
  custom:CustomObjectIndexerAttribute: 9a22284fe3817be447336de3de66b15e -> 
  custom:container-demuxer-webm: 4f35f7cbe854078d1ac9338744f61a02 -> 
  custom:container-muxer-webm: aa71ff27fc2769a1b78a27578f13a17b -> 
  custom:video-decoder-webm-vp8: 9c59270c3fd7afecdb556c50c9e8de78 -> 
  custom:SearchIndexIgnoredProperties: e643bd26f0fe6173181afceb89e7c659 -> 
  custom:AudioImporter_EditorPlatform: d09bf68614088b80899f8185d706f6e7 -> 
  custom:video-encoder-webm-vp8: eb34c28f22e8b96e1ab97ce403110664 -> 
  custom:audio-decoder-ogg-vorbis: bf7c407c2cedff20999df2af8eb42d56 -> 
  custom:audio-encoder-webm-vorbis: bf7c407c2cedff20999df2af8eb42d56 -> 
========================================================================
Received Import Request.
  Time since last request: 1675878.816029 seconds.
  path: Assets/Cainos/Pixel Art Top Down - Basic/Texture/TX Props.png
  artifactKey: Guid(29c9cded5e558164aaf8c9bf08aa1510) Importer(815301076,1909f56bfc062723c751e8b465ee728b)
Start importing Assets/Cainos/Pixel Art Top Down - Basic/Texture/TX Props.png using Guid(29c9cded5e558164aaf8c9bf08aa1510) Importer(815301076,1909f56bfc062723c751e8b465ee728b) [PhysX] Initialized MultithreadedTaskDispatcher with 20 workers.
[PhysX] Initialized MultithreadedTaskDispatcher with 20 workers.
 -> (artifact id: '3abfba13e78aa76179dc6d479afd7091') in 0.307163 seconds
Number of updated asset objects reloaded before import = 0
Number of asset objects unloaded after import = 50
========================================================================
Received Import Request.
  Time since last request: 18.053944 seconds.
  path: Assets/Cainos/Pixel Art Top Down - Basic/Tile Palette/TP Wall.prefab
  artifactKey: Guid(8d8700121f1eb2c4abda7e8a3dafab76) Importer(815301076,1909f56bfc062723c751e8b465ee728b)
Start importing Assets/Cainos/Pixel Art Top Down - Basic/Tile Palette/TP Wall.prefab using Guid(8d8700121f1eb2c4abda7e8a3dafab76) Importer(815301076,1909f56bfc062723c751e8b465ee728b) [PhysX] Initialized MultithreadedTaskDispatcher with 20 workers.
[PhysX] Initialized MultithreadedTaskDispatcher with 20 workers.
 -> (artifact id: '06a80740ed2b7be8dd52d445190a0ab4') in 0.051023 seconds
Number of updated asset objects reloaded before import = 0
Number of asset objects unloaded after import = 142
========================================================================
Received Import Request.
  Time since last request: 5.783037 seconds.
  path: Assets/Cainos/Pixel Art Top Down - Basic/Tile Palette/TP Grass/TX Tileset Grass 2.asset
  artifactKey: Guid(6da925407638afc4db4e37eb2ec98c76) Importer(815301076,1909f56bfc062723c751e8b465ee728b)
Start importing Assets/Cainos/Pixel Art Top Down - Basic/Tile Palette/TP Grass/TX Tileset Grass 2.asset using Guid(6da925407638afc4db4e37eb2ec98c76) Importer(815301076,1909f56bfc062723c751e8b465ee728b) [PhysX] Initialized MultithreadedTaskDispatcher with 20 workers.
 -> (artifact id: '976e23cc8d1c3a3266e77c7a39da58fe') in 0.014665 seconds
Number of updated asset objects reloaded before import = 0
Number of asset objects unloaded after import = 3
========================================================================
Received Import Request.
  Time since last request: 0.000024 seconds.
  path: Assets/Cainos/Pixel Art Top Down - Basic/Tile Palette/TP Grass/TX Tileset Grass Flower 15.asset
  artifactKey: Guid(70b8e49e6af191c4c987c778977a5dba) Importer(815301076,1909f56bfc062723c751e8b465ee728b)
Start importing Assets/Cainos/Pixel Art Top Down - Basic/Tile Palette/TP Grass/TX Tileset Grass Flower 15.asset using Guid(70b8e49e6af191c4c987c778977a5dba) Importer(815301076,1909f56bfc062723c751e8b465ee728b) [PhysX] Initialized MultithreadedTaskDispatcher with 20 workers.
 -> (artifact id: 'e6a1b72ab0c303e1b8b3b0b1f7e491e4') in 0.011098 seconds
Number of updated asset objects reloaded before import = 0
Number of asset objects unloaded after import = 3
========================================================================
Received Import Request.
  Time since last request: 0.000027 seconds.
  path: Assets/Cainos/Pixel Art Top Down - Basic/Tile Palette/TP Grass/TX Tileset Grass_36.asset
  artifactKey: Guid(25c92bd1a1b2eda46b08a2414b277305) Importer(815301076,1909f56bfc062723c751e8b465ee728b)
Start importing Assets/Cainos/Pixel Art Top Down - Basic/Tile Palette/TP Grass/TX Tileset Grass_36.asset using Guid(25c92bd1a1b2eda46b08a2414b277305) Importer(815301076,1909f56bfc062723c751e8b465ee728b) [PhysX] Initialized MultithreadedTaskDispatcher with 20 workers.
 -> (artifact id: 'd9edc2741d819e741d984985e06b0c4b') in 0.010518 seconds
Number of updated asset objects reloaded before import = 0
Number of asset objects unloaded after import = 3
========================================================================
Received Import Request.
  Time since last request: 0.000026 seconds.
  path: Assets/Cainos/Pixel Art Top Down - Basic/Tile Palette/TP Grass/TX Tileset Grass Flower 6.asset
  artifactKey: Guid(162b2c3c7ed3c8240995ad1799a0339a) Importer(815301076,1909f56bfc062723c751e8b465ee728b)
Start importing Assets/Cainos/Pixel Art Top Down - Basic/Tile Palette/TP Grass/TX Tileset Grass Flower 6.asset using Guid(162b2c3c7ed3c8240995ad1799a0339a) Importer(815301076,1909f56bfc062723c751e8b465ee728b) [PhysX] Initialized MultithreadedTaskDispatcher with 20 workers.
 -> (artifact id: 'e7592de73ca8846ca04a6b14f5636506') in 0.011628 seconds
Number of updated asset objects reloaded before import = 0
Number of asset objects unloaded after import = 3
========================================================================
Received Import Request.
  Time since last request: 0.000015 seconds.
  path: Assets/Cainos/Pixel Art Top Down - Basic/Tile Palette/TP Grass/TX Tileset Grass Pavement 0.asset
  artifactKey: Guid(b52eb31537a3c0f4d9b909925745af72) Importer(815301076,1909f56bfc062723c751e8b465ee728b)
Start importing Assets/Cainos/Pixel Art Top Down - Basic/Tile Palette/TP Grass/TX Tileset Grass Pavement 0.asset using Guid(b52eb31537a3c0f4d9b909925745af72) Importer(815301076,1909f56bfc062723c751e8b465ee728b) [PhysX] Initialized MultithreadedTaskDispatcher with 20 workers.
 -> (artifact id: '46733e29cbb8e531c8285c05362b885b') in 0.009937 seconds
Number of updated asset objects reloaded before import = 0
Number of asset objects unloaded after import = 3
========================================================================
Received Import Request.
  Time since last request: 0.000028 seconds.
  path: Assets/Cainos/Pixel Art Top Down - Basic/Tile Palette/TP Grass/TX Tileset Grass Pavement 6.asset
  artifactKey: Guid(1eb88b0997574584f9e6103018404c4c) Importer(815301076,1909f56bfc062723c751e8b465ee728b)
Start importing Assets/Cainos/Pixel Art Top Down - Basic/Tile Palette/TP Grass/TX Tileset Grass Pavement 6.asset using Guid(1eb88b0997574584f9e6103018404c4c) Importer(815301076,1909f56bfc062723c751e8b465ee728b) [PhysX] Initialized MultithreadedTaskDispatcher with 20 workers.
 -> (artifact id: '7ce90da22e255c6868b6c3619ec6bfdf') in 0.011757 seconds
Number of updated asset objects reloaded before import = 0
Number of asset objects unloaded after import = 3
========================================================================
Received Import Request.
  Time since last request: 0.000015 seconds.
  path: Assets/Cainos/Pixel Art Top Down - Basic/Tile Palette/TP Grass/TX Tileset Grass Flower 13.asset
  artifactKey: Guid(57824cd7e1612d14090d617a256eca53) Importer(815301076,1909f56bfc062723c751e8b465ee728b)
Start importing Assets/Cainos/Pixel Art Top Down - Basic/Tile Palette/TP Grass/TX Tileset Grass Flower 13.asset using Guid(57824cd7e1612d14090d617a256eca53) Importer(815301076,1909f56bfc062723c751e8b465ee728b) [PhysX] Initialized MultithreadedTaskDispatcher with 20 workers.
 -> (artifact id: '5ad35c2cb2ab7eea84deba9709f48e41') in 0.010780 seconds
Number of updated asset objects reloaded before import = 0
Number of asset objects unloaded after import = 3
========================================================================
Received Import Request.
  Time since last request: 0.000019 seconds.
  path: Assets/Cainos/Pixel Art Top Down - Basic/Tile Palette/TP Grass/TX Tileset Grass 10.asset
  artifactKey: Guid(76a0eb89921157e448ea699f93e95564) Importer(815301076,1909f56bfc062723c751e8b465ee728b)
Start importing Assets/Cainos/Pixel Art Top Down - Basic/Tile Palette/TP Grass/TX Tileset Grass 10.asset using Guid(76a0eb89921157e448ea699f93e95564) Importer(815301076,1909f56bfc062723c751e8b465ee728b) [PhysX] Initialized MultithreadedTaskDispatcher with 20 workers.
 -> (artifact id: '7f459c87bf580722487efdbe89ad68bd') in 0.012055 seconds
Number of updated asset objects reloaded before import = 0
Number of asset objects unloaded after import = 3
========================================================================
Received Import Request.
  Time since last request: 0.000013 seconds.
  path: Assets/Cainos/Pixel Art Top Down - Basic/Tile Palette/TP Grass/TX Tileset Grass Pavement 4.asset
  artifactKey: Guid(d3860dc7511661042a0e40d8d53db3a3) Importer(815301076,1909f56bfc062723c751e8b465ee728b)
Start importing Assets/Cainos/Pixel Art Top Down - Basic/Tile Palette/TP Grass/TX Tileset Grass Pavement 4.asset using Guid(d3860dc7511661042a0e40d8d53db3a3) Importer(815301076,1909f56bfc062723c751e8b465ee728b) [PhysX] Initialized MultithreadedTaskDispatcher with 20 workers.
 -> (artifact id: '04b4ec7f4bf96737c1f26120afc93ed2') in 0.009646 seconds
Number of updated asset objects reloaded before import = 0
Number of asset objects unloaded after import = 3
========================================================================
Received Import Request.
  Time since last request: 0.000014 seconds.
  path: Assets/Cainos/Pixel Art Top Down - Basic/Tile Palette/TP Grass/TX Tileset Grass_51.asset
  artifactKey: Guid(3d9dc795275adfd48af7618f29844554) Importer(815301076,1909f56bfc062723c751e8b465ee728b)
Start importing Assets/Cainos/Pixel Art Top Down - Basic/Tile Palette/TP Grass/TX Tileset Grass_51.asset using Guid(3d9dc795275adfd48af7618f29844554) Importer(815301076,1909f56bfc062723c751e8b465ee728b) [PhysX] Initialized MultithreadedTaskDispatcher with 20 workers.
 -> (artifact id: '1509ca9458bf384cc903d8522759d6d7') in 0.010153 seconds
Number of updated asset objects reloaded before import = 0
Number of asset objects unloaded after import = 3
========================================================================
Received Import Request.
  Time since last request: 0.000014 seconds.
  path: Assets/Cainos/Pixel Art Top Down - Basic/Tile Palette/TP Grass/TX Tileset Grass Flower 12.asset
  artifactKey: Guid(57b6fab8e8adf24478f260a85ba4fa71) Importer(815301076,1909f56bfc062723c751e8b465ee728b)
Start importing Assets/Cainos/Pixel Art Top Down - Basic/Tile Palette/TP Grass/TX Tileset Grass Flower 12.asset using Guid(57b6fab8e8adf24478f260a85ba4fa71) Importer(815301076,1909f56bfc062723c751e8b465ee728b) [PhysX] Initialized MultithreadedTaskDispatcher with 20 workers.
 -> (artifact id: 'da1fa00c817792fe38c50ef88d1baa6d') in 0.011692 seconds
Number of updated asset objects reloaded before import = 0
Number of asset objects unloaded after import = 3
========================================================================
Received Import Request.
  Time since last request: 0.000018 seconds.
  path: Assets/Cainos/Pixel Art Top Down - Basic/Tile Palette/TP Grass/TX Tileset Grass_37.asset
  artifactKey: Guid(72c1868f4ec438b4bb1113f44fa5c176) Importer(815301076,1909f56bfc062723c751e8b465ee728b)
Start importing Assets/Cainos/Pixel Art Top Down - Basic/Tile Palette/TP Grass/TX Tileset Grass_37.asset using Guid(72c1868f4ec438b4bb1113f44fa5c176) Importer(815301076,1909f56bfc062723c751e8b465ee728b) [PhysX] Initialized MultithreadedTaskDispatcher with 20 workers.
 -> (artifact id: 'd7a6b441c940aa10a01f2b8c95eea621') in 0.010645 seconds
Number of updated asset objects reloaded before import = 0
Number of asset objects unloaded after import = 3
========================================================================
Received Import Request.
  Time since last request: 0.000019 seconds.
  path: Assets/Cainos/Pixel Art Top Down - Basic/Tile Palette/TP Grass/TX Tileset Grass_60.asset
  artifactKey: Guid(80d878f99cb4c7943b5c46bf5c1a6785) Importer(815301076,1909f56bfc062723c751e8b465ee728b)
Start importing Assets/Cainos/Pixel Art Top Down - Basic/Tile Palette/TP Grass/TX Tileset Grass_60.asset using Guid(80d878f99cb4c7943b5c46bf5c1a6785) Importer(815301076,1909f56bfc062723c751e8b465ee728b) [PhysX] Initialized MultithreadedTaskDispatcher with 20 workers.
 -> (artifact id: '98f4e87d7fed8d072b9fbfca9f92c906') in 0.012301 seconds
Number of updated asset objects reloaded before import = 0
Number of asset objects unloaded after import = 3
========================================================================
Received Import Request.
  Time since last request: 2.165296 seconds.
  path: Assets/Cainos/Pixel Art Top Down - Basic/Tile Palette/TP Stone Ground/TX Tileset Stone Ground_2.asset
  artifactKey: Guid(fabd18c6472405245b20eef7cb5ee3bb) Importer(815301076,1909f56bfc062723c751e8b465ee728b)
Start importing Assets/Cainos/Pixel Art Top Down - Basic/Tile Palette/TP Stone Ground/TX Tileset Stone Ground_2.asset using Guid(fabd18c6472405245b20eef7cb5ee3bb) Importer(815301076,1909f56bfc062723c751e8b465ee728b) [PhysX] Initialized MultithreadedTaskDispatcher with 20 workers.
 -> (artifact id: '84e9a10287eb13d1f4333467e992ed57') in 0.011138 seconds
Number of updated asset objects reloaded before import = 0
Number of asset objects unloaded after import = 3
========================================================================
Received Import Request.
  Time since last request: 0.000017 seconds.
  path: Assets/Cainos/Pixel Art Top Down - Basic/Tile Palette/TP Stone Ground/TX Tileset Stone Ground_5.asset
  artifactKey: Guid(53fda45759d8fbc4db96e92c16c04b42) Importer(815301076,1909f56bfc062723c751e8b465ee728b)
Start importing Assets/Cainos/Pixel Art Top Down - Basic/Tile Palette/TP Stone Ground/TX Tileset Stone Ground_5.asset using Guid(53fda45759d8fbc4db96e92c16c04b42) Importer(815301076,1909f56bfc062723c751e8b465ee728b) [PhysX] Initialized MultithreadedTaskDispatcher with 20 workers.
 -> (artifact id: '30493dd1e5cfac62f3896d264c5e49f2') in 0.011537 seconds
Number of updated asset objects reloaded before import = 0
Number of asset objects unloaded after import = 3
========================================================================
Received Import Request.
  Time since last request: 0.000020 seconds.
  path: Assets/Cainos/Pixel Art Top Down - Basic/Tile Palette/TP Stone Ground/TX Tileset Stone Ground_30.asset
  artifactKey: Guid(ff09438222d182d478c56becdab860de) Importer(815301076,1909f56bfc062723c751e8b465ee728b)
Start importing Assets/Cainos/Pixel Art Top Down - Basic/Tile Palette/TP Stone Ground/TX Tileset Stone Ground_30.asset using Guid(ff09438222d182d478c56becdab860de) Importer(815301076,1909f56bfc062723c751e8b465ee728b) [PhysX] Initialized MultithreadedTaskDispatcher with 20 workers.
 -> (artifact id: '921c0e2bb70f6b2561bcaf56a2e04cf2') in 0.011455 seconds
Number of updated asset objects reloaded before import = 0
Number of asset objects unloaded after import = 3
========================================================================
Received Import Request.
  Time since last request: 0.000013 seconds.
  path: Assets/Cainos/Pixel Art Top Down - Basic/Tile Palette/TP Stone Ground/TX Tileset Stone Ground_37.asset
  artifactKey: Guid(51fb58566819d2b40acbadd50bc4bfe9) Importer(815301076,1909f56bfc062723c751e8b465ee728b)
Start importing Assets/Cainos/Pixel Art Top Down - Basic/Tile Palette/TP Stone Ground/TX Tileset Stone Ground_37.asset using Guid(51fb58566819d2b40acbadd50bc4bfe9) Importer(815301076,1909f56bfc062723c751e8b465ee728b) [PhysX] Initialized MultithreadedTaskDispatcher with 20 workers.
 -> (artifact id: 'fca454d0d3c60de4c694ef774adf2058') in 0.017923 seconds
Number of updated asset objects reloaded before import = 0
Number of asset objects unloaded after import = 3
========================================================================
Received Import Request.
  Time since last request: 0.000015 seconds.
  path: Assets/Cainos/Pixel Art Top Down - Basic/Tile Palette/TP Stone Ground/TX Tileset Stone Ground_8.asset
  artifactKey: Guid(5107c39f6afd46a4ebd538297bc40b5e) Importer(815301076,1909f56bfc062723c751e8b465ee728b)
Start importing Assets/Cainos/Pixel Art Top Down - Basic/Tile Palette/TP Stone Ground/TX Tileset Stone Ground_8.asset using Guid(5107c39f6afd46a4ebd538297bc40b5e) Importer(815301076,1909f56bfc062723c751e8b465ee728b) [PhysX] Initialized MultithreadedTaskDispatcher with 20 workers.
 -> (artifact id: '9490f7ee4c0d544afffffceb1bd58c5a') in 0.012895 seconds
Number of updated asset objects reloaded before import = 0
Number of asset objects unloaded after import = 3
========================================================================
Received Import Request.
  Time since last request: 0.000015 seconds.
  path: Assets/Cainos/Pixel Art Top Down - Basic/Tile Palette/TP Stone Ground/TX Tileset Stone Ground_12.asset
  artifactKey: Guid(4be8d94c70a357b44b17240ab0021c6f) Importer(815301076,1909f56bfc062723c751e8b465ee728b)
Start importing Assets/Cainos/Pixel Art Top Down - Basic/Tile Palette/TP Stone Ground/TX Tileset Stone Ground_12.asset using Guid(4be8d94c70a357b44b17240ab0021c6f) Importer(815301076,1909f56bfc062723c751e8b465ee728b) [PhysX] Initialized MultithreadedTaskDispatcher with 20 workers.
 -> (artifact id: '0006e65b152ec7eed8770232a25fd5be') in 0.013773 seconds
Number of updated asset objects reloaded before import = 0
Number of asset objects unloaded after import = 3
========================================================================
Received Import Request.
  Time since last request: 0.000014 seconds.
  path: Assets/Cainos/Pixel Art Top Down - Basic/Tile Palette/TP Stone Ground/TX Tileset Stone Ground_24.asset
  artifactKey: Guid(8aa304b3e853f0248a0a03c60f4de4be) Importer(815301076,1909f56bfc062723c751e8b465ee728b)
Start importing Assets/Cainos/Pixel Art Top Down - Basic/Tile Palette/TP Stone Ground/TX Tileset Stone Ground_24.asset using Guid(8aa304b3e853f0248a0a03c60f4de4be) Importer(815301076,1909f56bfc062723c751e8b465ee728b) [PhysX] Initialized MultithreadedTaskDispatcher with 20 workers.
 -> (artifact id: '1be2df2ad2ba013e5cf70dfdd3e1b2e2') in 0.010710 seconds
Number of updated asset objects reloaded before import = 0
Number of asset objects unloaded after import = 3
========================================================================
Received Import Request.
  Time since last request: 0.000024 seconds.
  path: Assets/Cainos/Pixel Art Top Down - Basic/Tile Palette/TP Stone Ground/TX Tileset Stone Ground_15.asset
  artifactKey: Guid(782fb9e50c00f2043abd8b2c3245d83d) Importer(815301076,1909f56bfc062723c751e8b465ee728b)
Start importing Assets/Cainos/Pixel Art Top Down - Basic/Tile Palette/TP Stone Ground/TX Tileset Stone Ground_15.asset using Guid(782fb9e50c00f2043abd8b2c3245d83d) Importer(815301076,1909f56bfc062723c751e8b465ee728b) [PhysX] Initialized MultithreadedTaskDispatcher with 20 workers.
 -> (artifact id: 'f8a4592dc5b46dc0eaff6330ec7313bc') in 0.009010 seconds
Number of updated asset objects reloaded before import = 0
Number of asset objects unloaded after import = 3
========================================================================
Received Import Request.
  Time since last request: 0.000028 seconds.
  path: Assets/Cainos/Pixel Art Top Down - Basic/Tile Palette/TP Stone Ground/TX Tileset Stone Ground_17.asset
  artifactKey: Guid(f73c8ba870a97f54fba502193d31f6e3) Importer(815301076,1909f56bfc062723c751e8b465ee728b)
Start importing Assets/Cainos/Pixel Art Top Down - Basic/Tile Palette/TP Stone Ground/TX Tileset Stone Ground_17.asset using Guid(f73c8ba870a97f54fba502193d31f6e3) Importer(815301076,1909f56bfc062723c751e8b465ee728b) [PhysX] Initialized MultithreadedTaskDispatcher with 20 workers.
 -> (artifact id: '9780609870034efedb6dca403225a94d') in 0.011747 seconds
Number of updated asset objects reloaded before import = 0
Number of asset objects unloaded after import = 3
========================================================================
Received Import Request.
  Time since last request: 2.455610 seconds.
  path: Assets/Cainos/Pixel Art Top Down - Basic/Tile Palette/TP Wall/TX Shadow Tileset Wall 3.asset
  artifactKey: Guid(74fb019e61cfa1144910a53906988a6e) Importer(815301076,1909f56bfc062723c751e8b465ee728b)
Start importing Assets/Cainos/Pixel Art Top Down - Basic/Tile Palette/TP Wall/TX Shadow Tileset Wall 3.asset using Guid(74fb019e61cfa1144910a53906988a6e) Importer(815301076,1909f56bfc062723c751e8b465ee728b) [PhysX] Initialized MultithreadedTaskDispatcher with 20 workers.
 -> (artifact id: 'af1cbf9c459f4ea0f812072bdc031eb6') in 0.013088 seconds
Number of updated asset objects reloaded before import = 0
Number of asset objects unloaded after import = 3
========================================================================
Received Import Request.
  Time since last request: 0.000019 seconds.
  path: Assets/Cainos/Pixel Art Top Down - Basic/Tile Palette/TP Wall/TX Tileset Wall_2.asset
  artifactKey: Guid(c30a836c12b5ca046b8850c5500adff0) Importer(815301076,1909f56bfc062723c751e8b465ee728b)
Start importing Assets/Cainos/Pixel Art Top Down - Basic/Tile Palette/TP Wall/TX Tileset Wall_2.asset using Guid(c30a836c12b5ca046b8850c5500adff0) Importer(815301076,1909f56bfc062723c751e8b465ee728b) [PhysX] Initialized MultithreadedTaskDispatcher with 20 workers.
 -> (artifact id: '5ab24d9ec8aa810e2c6e595395a16292') in 0.011751 seconds
Number of updated asset objects reloaded before import = 0
Number of asset objects unloaded after import = 3
========================================================================
Received Import Request.
  Time since last request: 0.000022 seconds.
  path: Assets/Cainos/Pixel Art Top Down - Basic/Tile Palette/TP Wall/TX Tileset Wall_44.asset
  artifactKey: Guid(6f6e5fa7aced9ba499e35a5f79839641) Importer(815301076,1909f56bfc062723c751e8b465ee728b)
Start importing Assets/Cainos/Pixel Art Top Down - Basic/Tile Palette/TP Wall/TX Tileset Wall_44.asset using Guid(6f6e5fa7aced9ba499e35a5f79839641) Importer(815301076,1909f56bfc062723c751e8b465ee728b) [PhysX] Initialized MultithreadedTaskDispatcher with 20 workers.
 -> (artifact id: '1f278de9f947ea870cf882435ce90796') in 0.012060 seconds
Number of updated asset objects reloaded before import = 0
Number of asset objects unloaded after import = 3
========================================================================
Received Import Request.
  Time since last request: 0.000019 seconds.
  path: Assets/Cainos/Pixel Art Top Down - Basic/Tile Palette/TP Wall/TX Tileset Wall_55.asset
  artifactKey: Guid(74d33214d8663e14a9ff6f916f417124) Importer(815301076,1909f56bfc062723c751e8b465ee728b)
Start importing Assets/Cainos/Pixel Art Top Down - Basic/Tile Palette/TP Wall/TX Tileset Wall_55.asset using Guid(74d33214d8663e14a9ff6f916f417124) Importer(815301076,1909f56bfc062723c751e8b465ee728b) [PhysX] Initialized MultithreadedTaskDispatcher with 20 workers.
 -> (artifact id: '945bfe7cd14ccc5c819dbeadfcdd7739') in 0.011325 seconds
Number of updated asset objects reloaded before import = 0
Number of asset objects unloaded after import = 3
========================================================================
Received Import Request.
  Time since last request: 0.000014 seconds.
  path: Assets/Cainos/Pixel Art Top Down - Basic/Tile Palette/TP Wall/TX Tileset Wall_5.asset
  artifactKey: Guid(4e1e2fa91134aaf47a8d4022b0d0a6ac) Importer(815301076,1909f56bfc062723c751e8b465ee728b)
Start importing Assets/Cainos/Pixel Art Top Down - Basic/Tile Palette/TP Wall/TX Tileset Wall_5.asset using Guid(4e1e2fa91134aaf47a8d4022b0d0a6ac) Importer(815301076,1909f56bfc062723c751e8b465ee728b) [PhysX] Initialized MultithreadedTaskDispatcher with 20 workers.
 -> (artifact id: '640b1e6c031768db8dc0df6c26fd54c2') in 0.011637 seconds
Number of updated asset objects reloaded before import = 0
Number of asset objects unloaded after import = 3
========================================================================
Received Import Request.
  Time since last request: 0.000012 seconds.
  path: Assets/Cainos/Pixel Art Top Down - Basic/Tile Palette/TP Wall/TX Tileset Wall_42.asset
  artifactKey: Guid(083f670d86161df46808cdc2e1eb02ab) Importer(815301076,1909f56bfc062723c751e8b465ee728b)
Start importing Assets/Cainos/Pixel Art Top Down - Basic/Tile Palette/TP Wall/TX Tileset Wall_42.asset using Guid(083f670d86161df46808cdc2e1eb02ab) Importer(815301076,1909f56bfc062723c751e8b465ee728b) [PhysX] Initialized MultithreadedTaskDispatcher with 20 workers.
 -> (artifact id: '9f73ab9011dae4ef0b372cf00d796285') in 0.011548 seconds
Number of updated asset objects reloaded before import = 0
Number of asset objects unloaded after import = 3
========================================================================
Received Import Request.
  Time since last request: 0.000017 seconds.
  path: Assets/Cainos/Pixel Art Top Down - Basic/Tile Palette/TP Wall/TX Tileset Wall_3.asset
  artifactKey: Guid(e56da427db9e7c147b3012603805adf9) Importer(815301076,1909f56bfc062723c751e8b465ee728b)
Start importing Assets/Cainos/Pixel Art Top Down - Basic/Tile Palette/TP Wall/TX Tileset Wall_3.asset using Guid(e56da427db9e7c147b3012603805adf9) Importer(815301076,1909f56bfc062723c751e8b465ee728b) [PhysX] Initialized MultithreadedTaskDispatcher with 20 workers.
 -> (artifact id: '936cf3091f8ac45a306c299051e7af11') in 0.011954 seconds
Number of updated asset objects reloaded before import = 0
Number of asset objects unloaded after import = 3
========================================================================
Received Import Request.
  Time since last request: 0.000018 seconds.
  path: Assets/Cainos/Pixel Art Top Down - Basic/Tile Palette/TP Wall/TX Tileset Wall_48.asset
  artifactKey: Guid(590e2b09452a4594994d97cbc5d5a3e3) Importer(815301076,1909f56bfc062723c751e8b465ee728b)
Start importing Assets/Cainos/Pixel Art Top Down - Basic/Tile Palette/TP Wall/TX Tileset Wall_48.asset using Guid(590e2b09452a4594994d97cbc5d5a3e3) Importer(815301076,1909f56bfc062723c751e8b465ee728b) [PhysX] Initialized MultithreadedTaskDispatcher with 20 workers.
 -> (artifact id: '58b97f4ec72e63f8fd2d7bc06309f20c') in 0.015257 seconds
Number of updated asset objects reloaded before import = 0
Number of asset objects unloaded after import = 3
========================================================================
Received Import Request.
  Time since last request: 0.000022 seconds.
  path: Assets/Cainos/Pixel Art Top Down - Basic/Tile Palette/TP Wall/TX Tileset Wall_7.asset
  artifactKey: Guid(efe5594aca34f2745a57662f43377928) Importer(815301076,1909f56bfc062723c751e8b465ee728b)
Start importing Assets/Cainos/Pixel Art Top Down - Basic/Tile Palette/TP Wall/TX Tileset Wall_7.asset using Guid(efe5594aca34f2745a57662f43377928) Importer(815301076,1909f56bfc062723c751e8b465ee728b) [PhysX] Initialized MultithreadedTaskDispatcher with 20 workers.
 -> (artifact id: '61492ecbbb0ed8a3e5d6646fde22884e') in 0.011048 seconds
Number of updated asset objects reloaded before import = 0
Number of asset objects unloaded after import = 3
========================================================================
Received Import Request.
  Time since last request: 0.000017 seconds.
  path: Assets/Cainos/Pixel Art Top Down - Basic/Tile Palette/TP Wall/TX Tileset Wall_41.asset
  artifactKey: Guid(4dfdf77930f6d2b4b986bb91965139a3) Importer(815301076,1909f56bfc062723c751e8b465ee728b)
Start importing Assets/Cainos/Pixel Art Top Down - Basic/Tile Palette/TP Wall/TX Tileset Wall_41.asset using Guid(4dfdf77930f6d2b4b986bb91965139a3) Importer(815301076,1909f56bfc062723c751e8b465ee728b) [PhysX] Initialized MultithreadedTaskDispatcher with 20 workers.
 -> (artifact id: '303a1d4ffbd7a346a28b973a8f982d4c') in 0.014865 seconds
Number of updated asset objects reloaded before import = 0
Number of asset objects unloaded after import = 3
========================================================================
Received Import Request.
  Time since last request: 0.000020 seconds.
  path: Assets/Cainos/Pixel Art Top Down - Basic/Tile Palette/TP Wall/TX Tileset Wall_34.asset
  artifactKey: Guid(3e71cd8fd02745948b1ad875522f5f72) Importer(815301076,1909f56bfc062723c751e8b465ee728b)
Start importing Assets/Cainos/Pixel Art Top Down - Basic/Tile Palette/TP Wall/TX Tileset Wall_34.asset using Guid(3e71cd8fd02745948b1ad875522f5f72) Importer(815301076,1909f56bfc062723c751e8b465ee728b) [PhysX] Initialized MultithreadedTaskDispatcher with 20 workers.
 -> (artifact id: '9768899cbfc98b9bc40637eda7831a4b') in 0.012780 seconds
Number of updated asset objects reloaded before import = 0
Number of asset objects unloaded after import = 3
========================================================================
Received Import Request.
  Time since last request: 0.000016 seconds.
  path: Assets/Cainos/Pixel Art Top Down - Basic/Tile Palette/TP Wall/TX Tileset Wall_4.asset
  artifactKey: Guid(b6bf52d8442ce1847a688215b6ba04da) Importer(815301076,1909f56bfc062723c751e8b465ee728b)
Start importing Assets/Cainos/Pixel Art Top Down - Basic/Tile Palette/TP Wall/TX Tileset Wall_4.asset using Guid(b6bf52d8442ce1847a688215b6ba04da) Importer(815301076,1909f56bfc062723c751e8b465ee728b) [PhysX] Initialized MultithreadedTaskDispatcher with 20 workers.
 -> (artifact id: '319f043a1c9fdd5ca5607820d987f1b9') in 0.011417 seconds
Number of updated asset objects reloaded before import = 0
Number of asset objects unloaded after import = 3
========================================================================
Received Import Request.
  Time since last request: 0.000012 seconds.
  path: Assets/Cainos/Pixel Art Top Down - Basic/Tile Palette/TP Wall/TX Tileset Wall_32.asset
  artifactKey: Guid(f8a08cc7e1ef4bd41ad3d91c4ae0824a) Importer(815301076,1909f56bfc062723c751e8b465ee728b)
Start importing Assets/Cainos/Pixel Art Top Down - Basic/Tile Palette/TP Wall/TX Tileset Wall_32.asset using Guid(f8a08cc7e1ef4bd41ad3d91c4ae0824a) Importer(815301076,1909f56bfc062723c751e8b465ee728b) [PhysX] Initialized MultithreadedTaskDispatcher with 20 workers.
 -> (artifact id: 'cbe288dce1d9d1ef024e47383d21efd8') in 0.011705 seconds
Number of updated asset objects reloaded before import = 0
Number of asset objects unloaded after import = 3
========================================================================
Received Prepare
Couldn't register non-exiting asset root folder: 'Assets'
Assertion failed on expression: 'success'
Trying to reload asset but can't find object on disk
Trying to reload asset but can't find object on disk
Trying to reload asset but can't find object on disk
Trying to reload asset but can't find object on disk
Trying to reload asset but can't find object on disk
Trying to reload asset but can't find object on disk
Trying to reload asset but can't find object on disk
Trying to reload asset but can't find object on disk
Trying to reload asset but can't find object on disk
Trying to reload asset but can't find object on disk
Trying to reload asset but can't find object on disk
Trying to reload asset but can't find object on disk
Trying to reload asset but can't find object on disk
Trying to reload asset but can't find object on disk
Trying to reload asset but can't find object on disk
Trying to reload asset but can't find object on disk
Trying to reload asset but can't find object on disk
Trying to reload asset but can't find object on disk
Trying to reload asset but can't find object on disk
Caller must complete domain reload
Begin MonoManager ReloadAssembly
- Loaded All Assemblies, in  0.223 seconds
Native extension for WindowsStandalone target not found
Native extension for WebGL target not found
Mono: successfully reloaded assembly
- Finished resetting the current domain, in  0.336 seconds
Domain Reload Profiling: 556ms
	BeginReloadAssembly (146ms)
		ExecutionOrderSort (0ms)
		DisableScriptedObjects (10ms)
		BackupInstance (0ms)
		ReleaseScriptingObjects (0ms)
		CreateAndSetChildDomain (32ms)
	RebuildCommonClasses (28ms)
	RebuildNativeTypeToScriptingClass (10ms)
	initialDomainReloadingComplete (25ms)
	LoadAllAssembliesAndSetupDomain (10ms)
		LoadAssemblies (76ms)
		RebuildTransferFunctionScriptingTraits (0ms)
		AnalyzeDomain (7ms)
			TypeCache.Refresh (6ms)
				TypeCache.ScanAssembly (0ms)
			ScanForSourceGeneratedMonoScriptInfo (0ms)
			ResolveRequiredComponents (0ms)
	FinalizeReload (337ms)
		ReleaseScriptCaches (0ms)
		RebuildScriptCaches (0ms)
		SetupLoadedEditorAssemblies (234ms)
			LogAssemblyErrors (0ms)
			InitializePlatformSupportModulesInManaged (7ms)
			SetLoadedEditorAssemblies (5ms)
			RefreshPlugins (0ms)
			BeforeProcessingInitializeOnLoad (78ms)
			ProcessInitializeOnLoadAttributes (119ms)
			ProcessInitializeOnLoadMethodAttributes (16ms)
			AfterProcessingInitializeOnLoad (9ms)
			EditorAssembliesLoaded (0ms)
		ExecutionOrderSort2 (0ms)
		AwakeInstancesAfterBackupRestoration (6ms)
Refreshing native plugins compatible for Editor in 3.34 ms, found 0 plugins.
Preloading 0 native plugins for Editor in 0.00 ms.
Unloading 0 Unused Serialized files (Serialized files now loaded: 0)
Unloading 1971 unused Assets / (1.2 MB). Loaded Objects now: 3038.
Memory consumption went from 71.7 MB to 70.5 MB.
Total: 3.848400 ms (FindLiveObjects: 0.347100 ms CreateObjectMapping: 0.346000 ms MarkObjects: 1.722900 ms  DeleteObjects: 1.431700 ms)

Prepare: number of updated asset objects reloaded= 9
AssetImportParameters requested are different than current active one (requested -> active):
  custom:container-demuxer-ogg: 62fdf1f143b41e24485cea50d1cbac27 -> 
  custom:video-decoder-ogg-theora: a1e56fd34408186e4bbccfd4996cb3dc -> 
  custom:framework-win-MediaFoundation: 216162199b28c13a410421893ffa2e32 -> 
  custom:CustomObjectIndexerAttribute: 9a22284fe3817be447336de3de66b15e -> 
  custom:container-demuxer-webm: 4f35f7cbe854078d1ac9338744f61a02 -> 
  custom:container-muxer-webm: aa71ff27fc2769a1b78a27578f13a17b -> 
  custom:video-decoder-webm-vp8: 9c59270c3fd7afecdb556c50c9e8de78 -> 
  custom:SearchIndexIgnoredProperties: e643bd26f0fe6173181afceb89e7c659 -> 
  custom:AudioImporter_EditorPlatform: d09bf68614088b80899f8185d706f6e7 -> 
  custom:video-encoder-webm-vp8: eb34c28f22e8b96e1ab97ce403110664 -> 
  custom:audio-decoder-ogg-vorbis: bf7c407c2cedff20999df2af8eb42d56 -> 
  custom:audio-encoder-webm-vorbis: bf7c407c2cedff20999df2af8eb42d56 -> 
  custom:scripting/precompiled-assembly-types:Unity.2D.Aseprite.Common:  -> 6f32d9da0697a1bcfc71999c7b08d0ec
  custom:scripting/monoscript/fileName/AnimationPlayableAsset.cs:  -> 009db08c97e92a2c69986ab256d074e2
  custom:scripting/precompiled-assembly-types:Unity.PlasticSCM.Editor:  -> 8082b6f46f6731621938d5977b3fe66a
  custom:scripting/precompiled-assembly-types:Unity.Burst.Unsafe:  -> 4f83dd30d4d7964b63b36d2fe1e95684
  custom:scripting/precompiled-assembly-types:Unity.VisualScripting.Core:  -> 0a21fb0e1386cc0544df7b99dc92b4ac
  custom:scripting/monoscript/fileName/AnimationTrack.cs:  -> 579258c150686ede8cacf1f75da21715
  custom:scripting/precompiled-assembly-types:Unity.Profiling.Core:  -> a336ccbc8b8eedc26954b35fd863eaec
  custom:scripting/precompiled-assembly-types:Unity.Notifications.Unified:  -> 43ab6606799bae501ed5e658d59b299e
  custom:scripting/precompiled-assembly-types:Unity.VisualScripting.State.Editor:  -> bfd19d10497364660dabdb7b0dffedf3
  custom:scripting/precompiled-assembly-types:Unity.2D.Animation.Runtime:  -> c5a779a77c2d42d8b5127733d4623da4
  custom:scripting/precompiled-assembly-types:Unity.Burst.Editor:  -> 1bb453082d9d949b60d566d3187c97d1
  custom:scripting/precompiled-assembly-types:Unity.VisualScripting.State:  -> a1b84a027925ee482b6dab13e9d110f3
  custom:scripting/precompiled-assembly-types:Unity.VisualScripting.SettingsProvider.Editor:  -> 41414d03caeb8d6946e082e3faf34ce7
  custom:scripting/monoscript/fileName/AndroidLogcatConsoleWindow.cs:  -> 8abfcf0f3f6fe0b8c035b8828a556fee
  custom:scripting/precompiled-assembly-types:Unity.Notifications.iOS:  -> 1a4c0432b57d15467c4f28d58ae54ef2
  custom:scripting/precompiled-assembly-types:Unity.2D.Psdimporter.Editor:  -> ed563be6c9b4eabe02cd35dbfcc1f959
  custom:scripting/precompiled-assembly-types:Unity.Burst.CodeGen:  -> 16c6c1c8fc0531945282884ffe84c4a6
  custom:scripting/precompiled-assembly-types:Unity.2D.Tilemap.Extras:  -> 9722aa6e48a25d628be73e787a5a1bb9
  custom:scripting/precompiled-assembly-types:Unity.2D.Common.Editor:  -> 7cbb781a6c9c3533080bdeaa9f578bb7
  custom:scripting/precompiled-assembly-types:Unity.Collections.DocCodeSamples:  -> 23ba9e0c5ef3e46a6ff4f5179d85b4a5
  custom:scripting/monoscript/fileName/IsometricRuleTile.cs:  -> 226477e0fda8299a797033f4381d7b8f
  custom:scripting/precompiled-assembly-types:Unity.2D.Aseprite.Editor:  -> 6d8d4837eab787aeaaa1a3fce108e09d
  custom:scripting/monoscript/fileName/TextMeshPro.cs:  -> 0cfab9de2f927cf0a5e3dc6276498acd
  custom:scripting/precompiled-assembly-types:Unity.2D.PixelPerfect.Editor:  -> 1dd2c8662b54f7c48656e3e8769dcc99
  custom:scripting/precompiled-assembly-types:Unity.2D.Sprite.Editor:  -> 17bc6c182f43764addce77b58cdd60c9
  custom:scripting/precompiled-assembly-types:Unity.Burst.Cecil.Pdb:  -> 542ee58f25ed060f438b710d2d8b4fbd
  custom:scripting/precompiled-assembly-types:Unity.2D.PixelPerfect:  -> b4d87180cdb666d4e563f0feb63adff6
  custom:scripting/precompiled-assembly-types:Unity.Burst:  -> 813d3b3d85b4f226cca91b96115edc25
  custom:scripting/precompiled-assembly-types:Unity.CollabProxy.Editor:  -> 9fe11a58ab4efabc40e3993980369fc4
  custom:scripting/precompiled-assembly-types:Unity.2D.Common.Runtime:  -> d57b2527d87b399232fb649a533f9748
  custom:scripting/precompiled-assembly-types:Unity.Timeline.Editor:  -> 534d7c71c4dd9147ea00599cede121e1
  custom:scripting/precompiled-assembly-types:Unity.2D.Common.Path.Editor:  -> 67ef6a7d0ffe69b88d4a058454e0baa3
  custom:scripting/precompiled-assembly-types:Cinemachine:  -> 54c8b091bb91c32bfeada952c9c53e21
  custom:scripting/precompiled-assembly-types:com.unity.cinemachine.editor:  -> e24bde9f61664824443e2ae04112f2bb
  custom:scripting/precompiled-assembly-types:Unity.Notifications.Android:  -> 9aa408928bc811d12c1ca9fe1a212ccd
  custom:scripting/precompiled-assembly-types:Unity.Notifications:  -> eac0c949191e263cc5d2f894eceea8cd
  custom:scripting/precompiled-assembly-types:Unity.Mobile.AndroidLogcat.Editor:  -> e363b23e44158a2c2051df9988aad394
  custom:scripting/precompiled-assembly-types:Unity.Collections.BurstCompatibilityGen:  -> d26056d813c945132a21ff9f8750c98e
  custom:scripting/precompiled-assembly-types:Unity.2D.Tilemap.Editor:  -> c63f35b4be2093bcf46770a8fbd6e1fe
  custom:scripting/precompiled-assembly-types:Unity.Burst.Cecil.Mdb:  -> 267a0ac2928f725ab1cc9882bbfb898d
  custom:scripting/precompiled-assembly-types:Unity.Mathematics:  -> eda48956a0bece48f802264722748d9b
  custom:scripting/precompiled-assembly-types:Unity.2D.SpriteShape.Runtime:  -> 7951efc3114d3b5dd81068bf56c35699
  custom:scripting/monoscript/fileName/AsepriteImporter.cs:  -> 75abe4fbe831928e105d619d45f5475b
  custom:scripting/precompiled-assembly-types:UnityEditor.UI:  -> 6bae215471362000d6dbd3e0ee304a50
  custom:scripting/precompiled-assembly-types:JetBrains.Rider.PathLocator:  -> cc0f6b5fd89737b9c88f7fff1881167a
  custom:scripting/precompiled-assembly-types:Unity.AdaptivePerformance.UI.Editor:  -> 908f964c6ecafb877548f68a9449d641
  custom:scripting/monoscript/fileName/TimelineAssetViewModel.cs:  -> 18a79fa063972d49f8538ad72ae7e75c
  custom:scripting/precompiled-assembly-types:Unity.AdaptivePerformance.Profiler.Editor:  -> d175211299ac13ceae18940d7c139f1b
  custom:scripting/precompiled-assembly-types:log4net:  -> 019978558686b3dbe60f5be7e8a69682
  custom:scripting/precompiled-assembly-types:Unity.VisualScripting.TextureAssets:  -> c56209796e0bbe0cf0954c819164de90
  custom:scripting/precompiled-assembly-types:Unity.Timeline:  -> b058d380530d91aefff3cf869316d3f0
  custom:scripting/precompiled-assembly-types:Unity.InternalAPIEngineBridge.001:  -> 727c2dd33fd9ba33b3b36d8b0abec3e5
  custom:scripting/precompiled-assembly-types:Unity.VisualScripting.Shared.Editor:  -> b1bd646cbd56acfef4597dda0faf849f
  custom:scripting/precompiled-assembly-types:Unity.2D.IK.Runtime:  -> 834d071a903607973ce53cf2b60adb28
  custom:scripting/precompiled-assembly-types:Unity.Burst.Cecil.Rocks:  -> 437ffcd7628e1436004701f82021574b
  custom:scripting/precompiled-assembly-types:nunit.framework:  -> de9c6147ae45b4e3446d0e562fb3bbe3
  custom:scripting/precompiled-assembly-types:Unity.Plastic.Newtonsoft.Json:  -> c587937513b02a3c784dfd4229f1b707
  custom:scripting/precompiled-assembly-types:Unity.2D.SpriteShape.Editor:  -> cbc7af36169d11bf1609bbe7544dfc2f
  custom:scripting/precompiled-assembly-types:Unity.AdaptivePerformance.Simulator.Editor:  -> c8f901e57ed7420952dbeb9964b7bea8
  custom:scripting/precompiled-assembly-types:Unity.Plastic.Antlr3.Runtime:  -> 6770513df7cfb4050a1e6f0a02312f5b
  custom:scripting/precompiled-assembly-types:Unity.VisualScripting.Core.Editor:  -> 39597c0f3a76e24d87d64afa59c5f88d
  custom:scripting/monoscript/fileName/RuleTile.cs:  -> f5f493643c39cafead8f05df075b38cf
  custom:scripting/monoscript/fileName/TextMeshProUGUI.cs:  -> b783d06a82b0620f102e3253b4b9fc9b
  custom:scripting/precompiled-assembly-types:UnityEngine.TestRunner:  -> f5758234275f5346968d00e3b1a1c0e4
  custom:scripting/precompiled-assembly-types:Unity.2D.Tilemap.Extras.Editor:  -> 5ad91861b07fefd995e74ac55c89582d
  custom:scripting/precompiled-assembly-types:Unity.VisualScripting.YamlDotNet:  -> 42147c7a78dea3b36998a42e40ee1ca1
  custom:scripting/precompiled-assembly-types:Unity.Burst.Cecil:  -> 997689720027a6523ba4efde94923b20
  custom:scripting/precompiled-assembly-types:Unity.Subsystem.Registration:  -> d277a39dc91ba107b2f9f0e00249ae0e
  custom:scripting/precompiled-assembly-types:Unity.2D.Animation.Editor:  -> 74fa7dfffd5b4b9325009aca31459872
  custom:scripting/monoscript/fileName/PSDImporter.cs:  -> 426789f17a6318790dfce4403b2d57e3
  custom:scripting/precompiled-assembly-types:Unity.VisualScripting.Antlr3.Runtime:  -> faf423e1a2226361a83dad1da848e5b7
  custom:scripting/precompiled-assembly-types:Unity.Collections:  -> 3ed35f6c42a4ff122eae303a72eec4b3
  custom:scripting/precompiled-assembly-types:Unity.AdaptivePerformance.Simulator.Extension:  -> 7cb4e94d652a85a2c350f7d0e4d6f3d0
  custom:scripting/precompiled-assembly-types:Unity.VSCode.Editor:  -> ce0f8be6c84057ddac8877610b9e6a0a
  custom:scripting/precompiled-assembly-types:Unity.AdaptivePerformance:  -> 196a4053981ad1333fe8cbdfe1c3440f
  custom:scripting/precompiled-assembly-types:Unity.VisualScripting.IonicZip:  -> cbdf74419b68ead93c00ca698cf31212
  custom:scripting/monoscript/fileName/IKManager2D.cs:  -> 3556a5b41605dae06bbc257d2027da25
  custom:scripting/precompiled-assembly-types:Unity.InternalAPIEditorBridge.001:  -> e4407bd12e2eb7ef8549b7340de38282
  custom:scripting/precompiled-assembly-types:Unity.VisualScripting.Flow:  -> bc99c07bfe2ca209f1879006fb72d2cd
  custom:scripting/precompiled-assembly-types:UnityEngine.UI:  -> f762135bac905e34e2b540c872c48817
  custom:scripting/precompiled-assembly-types:Unity.Mathematics.Editor:  -> 067e2f26d70b07279a04fc60a0f0bbd6
  custom:scripting/precompiled-assembly-types:Unity.2D.IK.Editor:  -> e3d97772a4bdb39570c653c83bcebd60
  custom:scripting/monoscript/fileName/TimelineAsset.cs:  -> 922c4504d3900c9d0f1009b93072bf15
  custom:scripting/precompiled-assembly-types:Unity.Collections.LowLevel.ILSupport:  -> fc98657c35e94db2b30cdf006548cc51
  custom:scripting/precompiled-assembly-types:Unity.TextMeshPro.Editor:  -> 46ffe279a7239cd1fb74eb9c5ab5b5d8
  custom:scripting/precompiled-assembly-types:PsdPlugin:  -> e45729d552f17846bff33f77f53e4e2d
  custom:scripting/precompiled-assembly-types:Unity.VisualStudio.Editor:  -> 8196c7ff3a716df6975b114b464f1975
  custom:scripting/monoscript/fileName/HexagonalRuleTile.cs:  -> 06dd7fca2700fb4aaa03a7cd13f58833
  custom:scripting/precompiled-assembly-types:Assembly-CSharp-Editor:  -> aca7125a3389c5f4127a11b74e5e93cb
  custom:scripting/precompiled-assembly-types:Unity.AdaptivePerformance.Editor:  -> 10b958660da57978956ec7799e5ada73
  custom:scripting/monoscript/fileName/TrackAsset.cs:  -> 05c366eb01e12385210cbb2c784bc95b
  custom:scripting/precompiled-assembly-types:UnityEditor.TestRunner:  -> 1b08a5e3d69264f3b8177a3e839577fe
  custom:scripting/precompiled-assembly-types:Unity.TextMeshPro:  -> 59230975e8163396a463bd906828ec67
  custom:scripting/monoscript/fileName/TimelineWindow.cs:  -> 1ecae22b1c6d42e0f96084d9a8d5699a
  custom:scripting/precompiled-assembly-types:Assembly-CSharp:  -> daef40908a951720ed7ce6da67f0c50b
  custom:scripting/precompiled-assembly-types:unityplastic:  -> 6b15354c19f5564bcbdee9a5935b633e
  custom:scripting/precompiled-assembly-types:Unity.Rider.Editor:  -> 5769424f89eeee7d96f0de4802f34024
  custom:scripting/precompiled-assembly-types:Unity.VisualScripting.Flow.Editor:  -> db5f2770bb05e70eb00d2307d36e9057
